#
# There is insufficient memory for the Java Runtime Environment to continue.
# Native memory allocation (malloc) failed to allocate 2111840 bytes. Error detail: Chunk::new
# Possible reasons:
#   The system is out of physical RAM or swap space
#   This process is running with CompressedOops enabled, and the Java Heap may be blocking the growth of the native heap
# Possible solutions:
#   Reduce memory load on the system
#   Increase physical memory or swap space
#   Check if swap backing store is full
#   Decrease Java heap size (-Xmx/-Xms)
#   Decrease number of Java threads
#   Decrease Java thread stack sizes (-Xss)
#   Set larger code cache with -XX:ReservedCodeCacheSize=
#   JVM is running with Unscaled Compressed Oops mode in which the Java heap is
#     placed in the first 4GB address space. The Java Heap base address is the
#     maximum limit for the native heap growth. Please use -XX:HeapBaseMinAddress
#     to set the Java Heap base and to place the Java Heap above 4GB virtual address.
# This output file may be truncated or incomplete.
#
#  Out of Memory Error (arena.cpp:168), pid=12668, tid=13524
#
# JRE version: OpenJDK Runtime Environment (21.0.6) (build 21.0.6+-13355223-b631.42)
# Java VM: OpenJDK 64-Bit Server VM (21.0.6+-13355223-b631.42, mixed mode, tiered, compressed oops, compressed class ptrs, g1 gc, windows-amd64)
# No core dump will be written. Minidumps are not enabled by default on client versions of Windows
#

---------------  S U M M A R Y ------------

Command Line: org.jetbrains.kotlin.cli.jvm.K2JVMCompiler @C:\Users\Yohannes\Desktop\Campus_Overflow\app\build\20250508_632019348152514170.compiler.options

Host: 11th Gen Intel(R) Core(TM) i3-1115G4 @ 3.00GHz, 4 cores, 7G,  Windows 11 , 64 bit Build 26100 (10.0.26100.3323)
Time: Thu May  8 12:32:45 2025 E. Africa Standard Time elapsed time: 4.308782 seconds (0d 0h 0m 4s)

---------------  T H R E A D  ---------------

Current thread (0x00000174e2b3d2f0):  JavaThread "C2 CompilerThread1" daemon [_thread_in_native, id=13524, stack(0x0000004d76e00000,0x0000004d76f00000) (1024K)]


Current CompileTask:
C2:4308 3135       4       java.lang.invoke.MethodType::makeImpl (109 bytes)

Stack: [0x0000004d76e00000,0x0000004d76f00000]
Native frames: (J=compiled Java code, j=interpreted, Vv=VM code, C=native code)
V  [jvm.dll+0x6d05a9]
V  [jvm.dll+0x85ea73]
V  [jvm.dll+0x860fce]
V  [jvm.dll+0x8616b3]
V  [jvm.dll+0x27e6e6]
V  [jvm.dll+0xbff6d]
V  [jvm.dll+0xc04a3]
V  [jvm.dll+0x3b616b]
V  [jvm.dll+0x382097]
V  [jvm.dll+0x38150a]
V  [jvm.dll+0x247c82]
V  [jvm.dll+0x247251]
V  [jvm.dll+0x1c5f04]
V  [jvm.dll+0x2569ac]
V  [jvm.dll+0x254ef6]
V  [jvm.dll+0x3f0e56]
V  [jvm.dll+0x806e48]
V  [jvm.dll+0x6cee7d]
C  [ucrtbase.dll+0x37b0]
C  [KERNEL32.DLL+0x2e8d7]
C  [ntdll.dll+0xbbf6c]


---------------  P R O C E S S  ---------------

Threads class SMR info:
_java_thread_list=0x00000174e2b9e260, length=12, elements={
0x00000174c2d1f000, 0x00000174e0090110, 0x00000174e0090c50, 0x00000174e0077970,
0x00000174e0079240, 0x00000174e007bc10, 0x00000174e00970d0, 0x00000174e007d500,
0x00000174e009a520, 0x00000174e0247f70, 0x00000174e0253670, 0x00000174e2b3d2f0
}

Java Threads: ( => current thread )
  0x00000174c2d1f000 JavaThread "main"                              [_thread_in_vm, id=14600, stack(0x0000004d75c00000,0x0000004d75d00000) (1024K)]
  0x00000174e0090110 JavaThread "Reference Handler"          daemon [_thread_blocked, id=5696, stack(0x0000004d76400000,0x0000004d76500000) (1024K)]
  0x00000174e0090c50 JavaThread "Finalizer"                  daemon [_thread_blocked, id=9832, stack(0x0000004d76500000,0x0000004d76600000) (1024K)]
  0x00000174e0077970 JavaThread "Signal Dispatcher"          daemon [_thread_blocked, id=13108, stack(0x0000004d76600000,0x0000004d76700000) (1024K)]
  0x00000174e0079240 JavaThread "Attach Listener"            daemon [_thread_blocked, id=4596, stack(0x0000004d76700000,0x0000004d76800000) (1024K)]
  0x00000174e007bc10 JavaThread "Service Thread"             daemon [_thread_blocked, id=6180, stack(0x0000004d76800000,0x0000004d76900000) (1024K)]
  0x00000174e00970d0 JavaThread "Monitor Deflation Thread"   daemon [_thread_blocked, id=14568, stack(0x0000004d76900000,0x0000004d76a00000) (1024K)]
  0x00000174e007d500 JavaThread "C2 CompilerThread0"         daemon [_thread_in_native, id=8244, stack(0x0000004d76a00000,0x0000004d76b00000) (1024K)]
  0x00000174e009a520 JavaThread "C1 CompilerThread0"         daemon [_thread_blocked, id=2932, stack(0x0000004d76b00000,0x0000004d76c00000) (1024K)]
  0x00000174e0247f70 JavaThread "Notification Thread"        daemon [_thread_blocked, id=9828, stack(0x0000004d76c00000,0x0000004d76d00000) (1024K)]
  0x00000174e0253670 JavaThread "Common-Cleaner"             daemon [_thread_blocked, id=14576, stack(0x0000004d76d00000,0x0000004d76e00000) (1024K)]
=>0x00000174e2b3d2f0 JavaThread "C2 CompilerThread1"         daemon [_thread_in_native, id=13524, stack(0x0000004d76e00000,0x0000004d76f00000) (1024K)]
Total: 12

Other Threads:
  0x00000174dbc7e6f0 VMThread "VM Thread"                           [id=5396, stack(0x0000004d76300000,0x0000004d76400000) (1024K)]
  0x00000174dbc0d870 WatcherThread "VM Periodic Task Thread"        [id=12324, stack(0x0000004d76200000,0x0000004d76300000) (1024K)]
  0x00000174c5004ae0 WorkerThread "GC Thread#0"                     [id=5556, stack(0x0000004d75d00000,0x0000004d75e00000) (1024K)]
  0x00000174e078db80 WorkerThread "GC Thread#1"                     [id=12488, stack(0x0000004d76f00000,0x0000004d77000000) (1024K)]
  0x00000174e07712e0 WorkerThread "GC Thread#2"                     [id=1692, stack(0x0000004d77000000,0x0000004d77100000) (1024K)]
  0x00000174e0771680 WorkerThread "GC Thread#3"                     [id=780, stack(0x0000004d77100000,0x0000004d77200000) (1024K)]
  0x00000174c5014fc0 ConcurrentGCThread "G1 Main Marker"            [id=10692, stack(0x0000004d75e00000,0x0000004d75f00000) (1024K)]
  0x00000174c50169a0 WorkerThread "G1 Conc#0"                       [id=5112, stack(0x0000004d75f00000,0x0000004d76000000) (1024K)]
  0x00000174dbad1870 ConcurrentGCThread "G1 Refine#0"               [id=5060, stack(0x0000004d76000000,0x0000004d76100000) (1024K)]
  0x00000174dbad2fd0 ConcurrentGCThread "G1 Service"                [id=1872, stack(0x0000004d76100000,0x0000004d76200000) (1024K)]
Total: 10

Threads with active compile tasks:
C2 CompilerThread0  4514 3237       4       java.lang.invoke.MemberName::getInvocationType (56 bytes)
C2 CompilerThread1  4514 3135       4       java.lang.invoke.MethodType::makeImpl (109 bytes)
Total: 2

VM state: not at safepoint (normal execution)

VM Mutex/Monitor currently owned by a thread:  ([mutex/lock_event])
[0x00007ffd8ad1c1a0] Metaspace_lock - owner thread: 0x00000174c2d1f000

Heap address: 0x0000000085800000, size: 1960 MB, Compressed Oops mode: 32-bit

CDS archive(s) not mapped
Compressed class space mapped at: 0x0000000100000000-0x0000000140000000, reserved size: 1073741824
Narrow klass base: 0x0000000000000000, Narrow klass shift: 3, Narrow klass range: 0x140000000

GC Precious Log:
 CardTable entry size: 512
 Card Set container configuration: InlinePtr #cards 5 size 8 Array Of Cards #cards 12 size 40 Howl #buckets 4 coarsen threshold 1843 Howl Bitmap #cards 512 size 80 coarsen threshold 460 Card regions per heap region 1 cards per card region 2048
 CPUs: 4 total, 4 available
 Memory: 7834M
 Large Page Support: Disabled
 NUMA Support: Disabled
 Compressed Oops: Enabled (32-bit)
 Heap Region Size: 1M
 Heap Min Capacity: 8M
 Heap Initial Capacity: 124M
 Heap Max Capacity: 1960M
 Pre-touch: Disabled
 Parallel Workers: 4
 Concurrent Workers: 1
 Concurrent Refinement Workers: 4
 Periodic GC: Disabled

Heap:
 garbage-first heap   total 59392K, used 40743K [0x0000000085800000, 0x0000000100000000)
  region size 1024K, 23 young (23552K), 4 survivors (4096K)
 Metaspace       used 44997K, committed 45696K, reserved 1114112K
  class space    used 5413K, committed 5760K, reserved 1048576K

Heap Regions: E=young(eden), S=young(survivor), O=old, HS=humongous(starts), HC=humongous(continues), CS=collection set, F=free, TAMS=top-at-mark-start, PB=parsable bottom
|   0|0x0000000085800000, 0x0000000085900000, 0x0000000085900000|100%|HS|  |TAMS 0x0000000085800000| PB 0x0000000085800000| Complete 
|   1|0x0000000085900000, 0x0000000085a00000, 0x0000000085a00000|100%|HC|  |TAMS 0x0000000085900000| PB 0x0000000085900000| Complete 
|   2|0x0000000085a00000, 0x0000000085b00000, 0x0000000085b00000|100%|HC|  |TAMS 0x0000000085a00000| PB 0x0000000085a00000| Complete 
|   3|0x0000000085b00000, 0x0000000085c00000, 0x0000000085c00000|100%|HC|  |TAMS 0x0000000085b00000| PB 0x0000000085b00000| Complete 
|   4|0x0000000085c00000, 0x0000000085d00000, 0x0000000085d00000|100%| O|  |TAMS 0x0000000085c00000| PB 0x0000000085c00000| Untracked 
|   5|0x0000000085d00000, 0x0000000085e00000, 0x0000000085e00000|100%| O|  |TAMS 0x0000000085d00000| PB 0x0000000085d00000| Untracked 
|   6|0x0000000085e00000, 0x0000000085f00000, 0x0000000085f00000|100%| O|  |TAMS 0x0000000085e00000| PB 0x0000000085e00000| Untracked 
|   7|0x0000000085f00000, 0x0000000086000000, 0x0000000086000000|100%| O|  |TAMS 0x0000000085f00000| PB 0x0000000085f00000| Untracked 
|   8|0x0000000086000000, 0x00000000860c9e00, 0x0000000086100000| 78%| O|  |TAMS 0x0000000086000000| PB 0x0000000086000000| Untracked 
|   9|0x0000000086100000, 0x0000000086200000, 0x0000000086200000|100%| O|  |TAMS 0x0000000086100000| PB 0x0000000086100000| Untracked 
|  10|0x0000000086200000, 0x0000000086300000, 0x0000000086300000|100%| O|  |TAMS 0x0000000086200000| PB 0x0000000086200000| Untracked 
|  11|0x0000000086300000, 0x0000000086400000, 0x0000000086400000|100%| O|Cm|TAMS 0x0000000086300000| PB 0x0000000086300000| Complete 
|  12|0x0000000086400000, 0x0000000086500000, 0x0000000086500000|100%| O|  |TAMS 0x0000000086400000| PB 0x0000000086400000| Untracked 
|  13|0x0000000086500000, 0x0000000086600000, 0x0000000086600000|100%| O|  |TAMS 0x0000000086500000| PB 0x0000000086500000| Untracked 
|  14|0x0000000086600000, 0x0000000086700000, 0x0000000086700000|100%| O|  |TAMS 0x0000000086600000| PB 0x0000000086600000| Untracked 
|  15|0x0000000086700000, 0x0000000086700000, 0x0000000086800000|  0%| F|  |TAMS 0x0000000086700000| PB 0x0000000086700000| Untracked 
|  16|0x0000000086800000, 0x0000000086800000, 0x0000000086900000|  0%| F|  |TAMS 0x0000000086800000| PB 0x0000000086800000| Untracked 
|  17|0x0000000086900000, 0x0000000086900000, 0x0000000086a00000|  0%| F|  |TAMS 0x0000000086900000| PB 0x0000000086900000| Untracked 
|  18|0x0000000086a00000, 0x0000000086a00000, 0x0000000086b00000|  0%| F|  |TAMS 0x0000000086a00000| PB 0x0000000086a00000| Untracked 
|  19|0x0000000086b00000, 0x0000000086c00000, 0x0000000086c00000|100%| O|  |TAMS 0x0000000086b00000| PB 0x0000000086b00000| Untracked 
|  20|0x0000000086c00000, 0x0000000086d00000, 0x0000000086d00000|100%| O|  |TAMS 0x0000000086c00000| PB 0x0000000086c00000| Untracked 
|  21|0x0000000086d00000, 0x0000000086e00000, 0x0000000086e00000|100%| S|CS|TAMS 0x0000000086d00000| PB 0x0000000086d00000| Complete 
|  22|0x0000000086e00000, 0x0000000086f00000, 0x0000000086f00000|100%| S|CS|TAMS 0x0000000086e00000| PB 0x0000000086e00000| Complete 
|  23|0x0000000086f00000, 0x0000000087000000, 0x0000000087000000|100%| S|CS|TAMS 0x0000000086f00000| PB 0x0000000086f00000| Complete 
|  24|0x0000000087000000, 0x0000000087100000, 0x0000000087100000|100%| S|CS|TAMS 0x0000000087000000| PB 0x0000000087000000| Complete 
|  25|0x0000000087100000, 0x0000000087100000, 0x0000000087200000|  0%| F|  |TAMS 0x0000000087100000| PB 0x0000000087100000| Untracked 
|  26|0x0000000087200000, 0x0000000087200000, 0x0000000087300000|  0%| F|  |TAMS 0x0000000087200000| PB 0x0000000087200000| Untracked 
|  27|0x0000000087300000, 0x0000000087300000, 0x0000000087400000|  0%| F|  |TAMS 0x0000000087300000| PB 0x0000000087300000| Untracked 
|  28|0x0000000087400000, 0x0000000087400000, 0x0000000087500000|  0%| F|  |TAMS 0x0000000087400000| PB 0x0000000087400000| Untracked 
|  29|0x0000000087500000, 0x0000000087500000, 0x0000000087600000|  0%| F|  |TAMS 0x0000000087500000| PB 0x0000000087500000| Untracked 
|  30|0x0000000087600000, 0x0000000087600000, 0x0000000087700000|  0%| F|  |TAMS 0x0000000087600000| PB 0x0000000087600000| Untracked 
|  31|0x0000000087700000, 0x0000000087700000, 0x0000000087800000|  0%| F|  |TAMS 0x0000000087700000| PB 0x0000000087700000| Untracked 
|  32|0x0000000087800000, 0x0000000087800000, 0x0000000087900000|  0%| F|  |TAMS 0x0000000087800000| PB 0x0000000087800000| Untracked 
|  33|0x0000000087900000, 0x0000000087900000, 0x0000000087a00000|  0%| F|  |TAMS 0x0000000087900000| PB 0x0000000087900000| Untracked 
|  34|0x0000000087a00000, 0x0000000087a00000, 0x0000000087b00000|  0%| F|  |TAMS 0x0000000087a00000| PB 0x0000000087a00000| Untracked 
|  35|0x0000000087b00000, 0x0000000087b00000, 0x0000000087c00000|  0%| F|  |TAMS 0x0000000087b00000| PB 0x0000000087b00000| Untracked 
|  36|0x0000000087c00000, 0x0000000087c00000, 0x0000000087d00000|  0%| F|  |TAMS 0x0000000087c00000| PB 0x0000000087c00000| Untracked 
|  37|0x0000000087d00000, 0x0000000087d00000, 0x0000000087e00000|  0%| F|  |TAMS 0x0000000087d00000| PB 0x0000000087d00000| Untracked 
|  38|0x0000000087e00000, 0x0000000087e80000, 0x0000000087f00000| 50%| E|  |TAMS 0x0000000087e00000| PB 0x0000000087e00000| Complete 
|  39|0x0000000087f00000, 0x0000000088000000, 0x0000000088000000|100%| E|CS|TAMS 0x0000000087f00000| PB 0x0000000087f00000| Complete 
|  40|0x0000000088000000, 0x0000000088100000, 0x0000000088100000|100%| E|CS|TAMS 0x0000000088000000| PB 0x0000000088000000| Complete 
|  41|0x0000000088100000, 0x0000000088200000, 0x0000000088200000|100%| E|CS|TAMS 0x0000000088100000| PB 0x0000000088100000| Complete 
|  42|0x0000000088200000, 0x0000000088300000, 0x0000000088300000|100%| E|CS|TAMS 0x0000000088200000| PB 0x0000000088200000| Complete 
|  43|0x0000000088300000, 0x0000000088400000, 0x0000000088400000|100%| E|CS|TAMS 0x0000000088300000| PB 0x0000000088300000| Complete 
|  44|0x0000000088400000, 0x0000000088500000, 0x0000000088500000|100%| E|CS|TAMS 0x0000000088400000| PB 0x0000000088400000| Complete 
|  45|0x0000000088500000, 0x0000000088600000, 0x0000000088600000|100%| E|CS|TAMS 0x0000000088500000| PB 0x0000000088500000| Complete 
|  46|0x0000000088600000, 0x0000000088700000, 0x0000000088700000|100%| E|CS|TAMS 0x0000000088600000| PB 0x0000000088600000| Complete 
|  47|0x0000000088700000, 0x0000000088800000, 0x0000000088800000|100%| E|CS|TAMS 0x0000000088700000| PB 0x0000000088700000| Complete 
|  48|0x0000000088800000, 0x0000000088900000, 0x0000000088900000|100%| E|CS|TAMS 0x0000000088800000| PB 0x0000000088800000| Complete 
|  49|0x0000000088900000, 0x0000000088a00000, 0x0000000088a00000|100%| E|CS|TAMS 0x0000000088900000| PB 0x0000000088900000| Complete 
|  50|0x0000000088a00000, 0x0000000088b00000, 0x0000000088b00000|100%| E|CS|TAMS 0x0000000088a00000| PB 0x0000000088a00000| Complete 
|  51|0x0000000088b00000, 0x0000000088c00000, 0x0000000088c00000|100%| E|CS|TAMS 0x0000000088b00000| PB 0x0000000088b00000| Complete 
| 101|0x000000008bd00000, 0x000000008be00000, 0x000000008be00000|100%| E|CS|TAMS 0x000000008bd00000| PB 0x000000008bd00000| Complete 
| 102|0x000000008be00000, 0x000000008bf00000, 0x000000008bf00000|100%| E|CS|TAMS 0x000000008be00000| PB 0x000000008be00000| Complete 
| 103|0x000000008bf00000, 0x000000008c000000, 0x000000008c000000|100%| E|CS|TAMS 0x000000008bf00000| PB 0x000000008bf00000| Complete 
| 104|0x000000008c000000, 0x000000008c100000, 0x000000008c100000|100%| E|CS|TAMS 0x000000008c000000| PB 0x000000008c000000| Complete 
| 105|0x000000008c100000, 0x000000008c200000, 0x000000008c200000|100%| E|CS|TAMS 0x000000008c100000| PB 0x000000008c100000| Complete 
|1959|0x00000000fff00000, 0x0000000100000000, 0x0000000100000000|100%| O|  |TAMS 0x00000000fff00000| PB 0x00000000fff00000| Untracked 

Card table byte_map: [0x00000174d74c0000,0x00000174d78a0000] _byte_map_base: 0x00000174d7094000

Marking Bits: (CMBitMap*) 0x00000174c50051e0
 Bits: [0x00000174d78a0000, 0x00000174d9740000)

Polling page: 0x00000174c2e00000

Metaspace:

Usage:
  Non-class:     38.66 MB used.
      Class:      5.29 MB used.
       Both:     43.94 MB used.

Virtual space:
  Non-class space:       64.00 MB reserved,      39.00 MB ( 61%) committed,  1 nodes.
      Class space:        1.00 GB reserved,       5.62 MB ( <1%) committed,  1 nodes.
             Both:        1.06 GB reserved,      44.62 MB (  4%) committed. 

Chunk freelists:
   Non-Class:  8.84 MB
       Class:  10.36 MB
        Both:  19.20 MB

MaxMetaspaceSize: unlimited
CompressedClassSpaceSize: 1.00 GB
Initial GC threshold: 21.00 MB
Current GC threshold: 58.88 MB
CDS: off
 - commit_granule_bytes: 65536.
 - commit_granule_words: 8192.
 - virtual_space_node_default_size: 8388608.
 - enlarge_chunks_in_place: 1.
 - use_allocation_guard: 0.


Internal statistics:

num_allocs_failed_limit: 6.
num_arena_births: 1172.
num_arena_deaths: 0.
num_vsnodes_births: 2.
num_vsnodes_deaths: 0.
num_space_committed: 713.
num_space_uncommitted: 0.
num_chunks_returned_to_freelist: 6.
num_chunks_taken_from_freelist: 2616.
num_chunk_merges: 6.
num_chunk_splits: 1947.
num_chunks_enlarged: 1437.
num_inconsistent_stats: 0.

CodeHeap 'non-profiled nmethods': size=120000Kb used=1397Kb max_used=1397Kb free=118602Kb
 bounds [0x00000174cfbb0000, 0x00000174cfe20000, 0x00000174d70e0000]
CodeHeap 'profiled nmethods': size=120000Kb used=6115Kb max_used=6115Kb free=113884Kb
 bounds [0x00000174c80e0000, 0x00000174c86e0000, 0x00000174cf610000]
CodeHeap 'non-nmethods': size=5760Kb used=1678Kb max_used=1700Kb free=4081Kb
 bounds [0x00000174cf610000, 0x00000174cf880000, 0x00000174cfbb0000]
 total_blobs=3673 nmethods=3079 adapters=498
 compilation: enabled
              stopped_count=0, restarted_count=0
 full_count=0

Compilation events (20 events):
Event: 4.221 Thread 0x00000174e009a520 3278       3       kotlin.collections.CollectionsKt__MutableCollectionsKt::addAll (74 bytes)
Event: 4.222 Thread 0x00000174e009a520 nmethod 3278 0x00000174c86c1710 code [0x00000174c86c1a40, 0x00000174c86c2b80]
Event: 4.222 Thread 0x00000174e009a520 3281       3       org.jetbrains.kotlin.container.ResolveKt::bindArguments (156 bytes)
Event: 4.223 Thread 0x00000174e009a520 nmethod 3281 0x00000174c86c3110 code [0x00000174c86c3500, 0x00000174c86c4ea8]
Event: 4.223 Thread 0x00000174e009a520 3283       3       org.jetbrains.kotlin.container.ComponentResolveContext::<init> (32 bytes)
Event: 4.224 Thread 0x00000174e009a520 nmethod 3283 0x00000174c86c5890 code [0x00000174c86c5b40, 0x00000174c86c66a8]
Event: 4.224 Thread 0x00000174e009a520 3284       3       org.jetbrains.kotlin.container.ComponentResolveContext::<init> (17 bytes)
Event: 4.224 Thread 0x00000174e009a520 nmethod 3284 0x00000174c86c6a90 code [0x00000174c86c6d40, 0x00000174c86c7950]
Event: 4.224 Thread 0x00000174e009a520 3286       3       org.jetbrains.kotlin.container.ResolveKt::computeArguments (103 bytes)
Event: 4.225 Thread 0x00000174e009a520 nmethod 3286 0x00000174c86c7d90 code [0x00000174c86c8120, 0x00000174c86c9860]
Event: 4.225 Thread 0x00000174e009a520 3285       3       org.jetbrains.kotlin.container.StorageComponentContainer::createResolveContext (40 bytes)
Event: 4.225 Thread 0x00000174e009a520 nmethod 3285 0x00000174c86ca090 code [0x00000174c86ca320, 0x00000174c86cadd8]
Event: 4.225 Thread 0x00000174e009a520 3282       1       org.jetbrains.kotlin.resolve.ImportPath::getFqName (5 bytes)
Event: 4.225 Thread 0x00000174e009a520 nmethod 3282 0x00000174cfd0cb90 code [0x00000174cfd0cd20, 0x00000174cfd0cde8]
Event: 4.225 Thread 0x00000174e009a520 3279       1       org.jetbrains.kotlin.container.SetterInfo::getParameters (5 bytes)
Event: 4.225 Thread 0x00000174e009a520 nmethod 3279 0x00000174cfd0ce90 code [0x00000174cfd0d020, 0x00000174cfd0d0e8]
Event: 4.225 Thread 0x00000174e009a520 3287       1       org.jetbrains.kotlin.container.SetterInfo::component1 (5 bytes)
Event: 4.225 Thread 0x00000174e009a520 nmethod 3287 0x00000174cfd0d190 code [0x00000174cfd0d320, 0x00000174cfd0d3e8]
Event: 4.235 Thread 0x00000174e009a520 3288   !   3       jdk.internal.loader.BuiltinClassLoader::loadClassOrNull (143 bytes)
Event: 4.236 Thread 0x00000174e009a520 nmethod 3288 0x00000174c86cb190 code [0x00000174c86cb460, 0x00000174c86cc348]

GC Heap History (14 events):
Event: 0.590 GC heap before
{Heap before GC invocations=0 (full 0):
 garbage-first heap   total 126976K, used 17408K [0x0000000085800000, 0x0000000100000000)
  region size 1024K, 13 young (13312K), 0 survivors (0K)
 Metaspace       used 10881K, committed 11072K, reserved 1114112K
  class space    used 926K, committed 1024K, reserved 1048576K
}
Event: 0.594 GC heap after
{Heap after GC invocations=1 (full 0):
 garbage-first heap   total 126976K, used 6144K [0x0000000085800000, 0x0000000100000000)
  region size 1024K, 2 young (2048K), 2 survivors (2048K)
 Metaspace       used 10881K, committed 11072K, reserved 1114112K
  class space    used 926K, committed 1024K, reserved 1048576K
}
Event: 1.132 GC heap before
{Heap before GC invocations=1 (full 0):
 garbage-first heap   total 126976K, used 26624K [0x0000000085800000, 0x0000000100000000)
  region size 1024K, 23 young (23552K), 2 survivors (2048K)
 Metaspace       used 16099K, committed 16256K, reserved 1114112K
  class space    used 1558K, committed 1600K, reserved 1048576K
}
Event: 1.140 GC heap after
{Heap after GC invocations=2 (full 0):
 garbage-first heap   total 126976K, used 8708K [0x0000000085800000, 0x0000000100000000)
  region size 1024K, 3 young (3072K), 3 survivors (3072K)
 Metaspace       used 16099K, committed 16256K, reserved 1114112K
  class space    used 1558K, committed 1600K, reserved 1048576K
}
Event: 1.848 GC heap before
{Heap before GC invocations=2 (full 0):
 garbage-first heap   total 126976K, used 25092K [0x0000000085800000, 0x0000000100000000)
  region size 1024K, 21 young (21504K), 3 survivors (3072K)
 Metaspace       used 21363K, committed 21504K, reserved 1114112K
  class space    used 2258K, committed 2304K, reserved 1048576K
}
Event: 1.855 GC heap after
{Heap after GC invocations=3 (full 0):
 garbage-first heap   total 126976K, used 10688K [0x0000000085800000, 0x0000000100000000)
  region size 1024K, 5 young (5120K), 5 survivors (5120K)
 Metaspace       used 21363K, committed 21504K, reserved 1114112K
  class space    used 2258K, committed 2304K, reserved 1048576K
}
Event: 2.766 GC heap before
{Heap before GC invocations=4 (full 0):
 garbage-first heap   total 40960K, used 38336K [0x0000000085800000, 0x0000000100000000)
  region size 1024K, 33 young (33792K), 5 survivors (5120K)
 Metaspace       used 30336K, committed 30592K, reserved 1114112K
  class space    used 3613K, committed 3712K, reserved 1048576K
}
Event: 2.777 GC heap after
{Heap after GC invocations=5 (full 0):
 garbage-first heap   total 48128K, used 12831K [0x0000000085800000, 0x0000000100000000)
  region size 1024K, 7 young (7168K), 7 survivors (7168K)
 Metaspace       used 30336K, committed 30592K, reserved 1114112K
  class space    used 3613K, committed 3712K, reserved 1048576K
}
Event: 3.200 GC heap before
{Heap before GC invocations=5 (full 0):
 garbage-first heap   total 48128K, used 36383K [0x0000000085800000, 0x0000000100000000)
  region size 1024K, 28 young (28672K), 7 survivors (7168K)
 Metaspace       used 32422K, committed 32704K, reserved 1114112K
  class space    used 4043K, committed 4160K, reserved 1048576K
}
Event: 3.217 GC heap after
{Heap after GC invocations=6 (full 0):
 garbage-first heap   total 49152K, used 18513K [0x0000000085800000, 0x0000000100000000)
  region size 1024K, 4 young (4096K), 4 survivors (4096K)
 Metaspace       used 32422K, committed 32704K, reserved 1114112K
  class space    used 4043K, committed 4160K, reserved 1048576K
}
Event: 3.462 GC heap before
{Heap before GC invocations=6 (full 0):
 garbage-first heap   total 49152K, used 31825K [0x0000000085800000, 0x0000000100000000)
  region size 1024K, 19 young (19456K), 4 survivors (4096K)
 Metaspace       used 35765K, committed 35968K, reserved 1114112K
  class space    used 4386K, committed 4480K, reserved 1048576K
}
Event: 3.470 GC heap after
{Heap after GC invocations=7 (full 0):
 garbage-first heap   total 59392K, used 18275K [0x0000000085800000, 0x0000000100000000)
  region size 1024K, 2 young (2048K), 2 survivors (2048K)
 Metaspace       used 35765K, committed 35968K, reserved 1114112K
  class space    used 4386K, committed 4480K, reserved 1048576K
}
Event: 3.941 GC heap before
{Heap before GC invocations=8 (full 0):
 garbage-first heap   total 59392K, used 47971K [0x0000000085800000, 0x0000000100000000)
  region size 1024K, 32 young (32768K), 2 survivors (2048K)
 Metaspace       used 41946K, committed 42304K, reserved 1114112K
  class space    used 4967K, committed 5120K, reserved 1048576K
}
Event: 3.950 GC heap after
{Heap after GC invocations=9 (full 0):
 garbage-first heap   total 59392K, used 22311K [0x0000000085800000, 0x0000000100000000)
  region size 1024K, 4 young (4096K), 4 survivors (4096K)
 Metaspace       used 41946K, committed 42304K, reserved 1114112K
  class space    used 4967K, committed 5120K, reserved 1048576K
}

Dll operation events (3 events):
Event: 0.012 Loaded shared library C:\Program Files\Android\Android Studio\jbr\bin\java.dll
Event: 0.024 Loaded shared library C:\Program Files\Android\Android Studio\jbr\bin\zip.dll
Event: 2.361 Loaded shared library C:\Program Files\Android\Android Studio\jbr\bin\verify.dll

Deoptimization events (20 events):
Event: 4.233 Thread 0x00000174c2d1f000 Uncommon trap: trap_request=0xffffff45 fr.pc=0x00000174cfc70660 relative=0x00000000000000c0
Event: 4.233 Thread 0x00000174c2d1f000 Uncommon trap: reason=unstable_if action=reinterpret pc=0x00000174cfc70660 method=java.lang.StringConcatHelper.newString([BJ)Ljava/lang/String; @ 3 c2
Event: 4.233 Thread 0x00000174c2d1f000 DEOPT PACKING pc=0x00000174cfc70660 sp=0x0000004d75cf5030
Event: 4.233 Thread 0x00000174c2d1f000 DEOPT UNPACKING pc=0x00000174cf667da2 sp=0x0000004d75cf4fb8 mode 2
Event: 4.234 Thread 0x00000174c2d1f000 Uncommon trap: trap_request=0xffffff45 fr.pc=0x00000174cfc36790 relative=0x0000000000000290
Event: 4.234 Thread 0x00000174c2d1f000 Uncommon trap: reason=unstable_if action=reinterpret pc=0x00000174cfc36790 method=sun.net.www.ParseUtil.firstEncodeIndex(Ljava/lang/String;)I @ 27 c2
Event: 4.234 Thread 0x00000174c2d1f000 DEOPT PACKING pc=0x00000174cfc36790 sp=0x0000004d75cf4f60
Event: 4.234 Thread 0x00000174c2d1f000 DEOPT UNPACKING pc=0x00000174cf667da2 sp=0x0000004d75cf4dc8 mode 2
Event: 4.234 Thread 0x00000174c2d1f000 Uncommon trap: trap_request=0xffffff45 fr.pc=0x00000174cfc147e4 relative=0x00000000000001c4
Event: 4.234 Thread 0x00000174c2d1f000 Uncommon trap: reason=unstable_if action=reinterpret pc=0x00000174cfc147e4 method=java.lang.String.indexOf(II)I @ 4 c2
Event: 4.234 Thread 0x00000174c2d1f000 DEOPT PACKING pc=0x00000174cfc147e4 sp=0x0000004d75cf4c30
Event: 4.234 Thread 0x00000174c2d1f000 DEOPT UNPACKING pc=0x00000174cf667da2 sp=0x0000004d75cf4b60 mode 2
Event: 4.234 Thread 0x00000174c2d1f000 Uncommon trap: trap_request=0xffffff45 fr.pc=0x00000174cfc75eb4 relative=0x0000000000000274
Event: 4.234 Thread 0x00000174c2d1f000 Uncommon trap: reason=unstable_if action=reinterpret pc=0x00000174cfc75eb4 method=java.lang.String.startsWith(Ljava/lang/String;I)Z @ 50 c2
Event: 4.234 Thread 0x00000174c2d1f000 DEOPT PACKING pc=0x00000174cfc75eb4 sp=0x0000004d75cf4c80
Event: 4.234 Thread 0x00000174c2d1f000 DEOPT UNPACKING pc=0x00000174cf667da2 sp=0x0000004d75cf4c08 mode 2
Event: 4.234 Thread 0x00000174c2d1f000 Uncommon trap: trap_request=0xffffff45 fr.pc=0x00000174cfbb7938 relative=0x00000000000007b8
Event: 4.234 Thread 0x00000174c2d1f000 Uncommon trap: reason=unstable_if action=reinterpret pc=0x00000174cfbb7938 method=java.lang.String.lastIndexOf(II)I @ 4 c2
Event: 4.234 Thread 0x00000174c2d1f000 DEOPT PACKING pc=0x00000174cfbb7938 sp=0x0000004d75cf4ce0
Event: 4.234 Thread 0x00000174c2d1f000 DEOPT UNPACKING pc=0x00000174cf667da2 sp=0x0000004d75cf4be0 mode 2

Classes loaded (20 events):
Event: 4.045 Loading class java/lang/invoke/BoundMethodHandle$Species_LLLLLLLLLLLLLLLL
Event: 4.045 Loading class java/lang/invoke/BoundMethodHandle$Species_LLLLLLLLLLLLLLLL done
Event: 4.052 Loading class java/lang/invoke/BoundMethodHandle$Species_LLLLLLLLLLLLLLLLL
Event: 4.052 Loading class java/lang/invoke/BoundMethodHandle$Species_LLLLLLLLLLLLLLLLL done
Event: 4.056 Loading class java/lang/invoke/BoundMethodHandle$Species_LLLLLLLLLLLLLLLLLL
Event: 4.056 Loading class java/lang/invoke/BoundMethodHandle$Species_LLLLLLLLLLLLLLLLLL done
Event: 4.071 Loading class java/lang/invoke/BoundMethodHandle$Species_LLLLLLLLLLLLLLLLLLL
Event: 4.071 Loading class java/lang/invoke/BoundMethodHandle$Species_LLLLLLLLLLLLLLLLLLL done
Event: 4.073 Loading class java/lang/invoke/BoundMethodHandle$Species_LLLLLLLLLLLLLLLLLLLL
Event: 4.073 Loading class java/lang/invoke/BoundMethodHandle$Species_LLLLLLLLLLLLLLLLLLLL done
Event: 4.078 Loading class java/lang/invoke/BoundMethodHandle$Species_LLLLLLLLLLLLLLLLLLLLL
Event: 4.078 Loading class java/lang/invoke/BoundMethodHandle$Species_LLLLLLLLLLLLLLLLLLLLL done
Event: 4.081 Loading class java/lang/invoke/BoundMethodHandle$Species_LLLLLLLLLLLLLLLLLLLLLL
Event: 4.081 Loading class java/lang/invoke/BoundMethodHandle$Species_LLLLLLLLLLLLLLLLLLLLLL done
Event: 4.083 Loading class java/lang/invoke/BoundMethodHandle$Species_LLLLLLLLLLLLLLLLLLLLLLL
Event: 4.083 Loading class java/lang/invoke/BoundMethodHandle$Species_LLLLLLLLLLLLLLLLLLLLLLL done
Event: 4.155 Loading class java/lang/invoke/BoundMethodHandle$Species_LLLLLLLLLLLLLLLLLLLLLLLL
Event: 4.155 Loading class java/lang/invoke/BoundMethodHandle$Species_LLLLLLLLLLLLLLLLLLLLLLLL done
Event: 4.156 Loading class java/lang/invoke/BoundMethodHandle$Species_LLLLLLLLLLLLLLLLLLLLLLLLL
Event: 4.156 Loading class java/lang/invoke/BoundMethodHandle$Species_LLLLLLLLLLLLLLLLLLLLLLLLL done

Classes unloaded (0 events):
No events

Classes redefined (0 events):
No events

Internal exceptions (20 events):
Event: 4.079 Thread 0x00000174c2d1f000 Exception <a 'java/lang/NoSuchMethodError'{0x0000000088a6c8b0}: 'java.lang.Object java.lang.invoke.DirectMethodHandle$Holder.invokeStatic(java.lang.Object, java.lang.Object, java.lang.Object, java.lang.Object, java.lang.Object, java.lang.Object, java.lang.Object, java.lang.Object, java.lang.Object, java.lang.Object, java.lang.Object, java.lang.Object, java.lang.Object, java.lang.Object, java.lang.Object, java.lang.Object, java.lang.Object, java.lang.Object, java.lang.Object, java.lang.Object, java.lang.Obj
Event: 4.082 Thread 0x00000174c2d1f000 Exception <a 'java/lang/NoSuchMethodError'{0x0000000088a9b5b8}: 'java.lang.Object java.lang.invoke.DirectMethodHandle$Holder.invokeStatic(java.lang.Object, java.lang.Object, java.lang.Object, java.lang.Object, java.lang.Object, java.lang.Object, java.lang.Object, java.lang.Object, java.lang.Object, java.lang.Object, java.lang.Object, java.lang.Object, java.lang.Object, java.lang.Object, java.lang.Object, java.lang.Object, java.lang.Object, java.lang.Object, java.lang.Object, java.lang.Object, java.lang.Obj
Event: 4.084 Thread 0x00000174c2d1f000 Exception <a 'java/lang/NoSuchMethodError'{0x0000000088acb728}: 'java.lang.Object java.lang.invoke.DirectMethodHandle$Holder.invokeStatic(java.lang.Object, java.lang.Object, java.lang.Object, java.lang.Object, java.lang.Object, java.lang.Object, java.lang.Object, java.lang.Object, java.lang.Object, java.lang.Object, java.lang.Object, java.lang.Object, java.lang.Object, java.lang.Object, java.lang.Object, java.lang.Object, java.lang.Object, java.lang.Object, java.lang.Object, java.lang.Object, java.lang.Obj
Event: 4.100 Thread 0x00000174c2d1f000 Exception <a 'java/lang/NoSuchMethodError'{0x00000000889f8e58}: 'java.lang.Object java.lang.invoke.DirectMethodHandle$Holder.newInvokeSpecial(java.lang.Object, java.lang.Object, java.lang.Object, java.lang.Object, java.lang.Object, java.lang.Object, java.lang.Object, java.lang.Object, java.lang.Object, java.lang.Object, java.lang.Object, java.lang.Object, java.lang.Object, java.lang.Object, java.lang.Object, java.lang.Object, java.lang.Object, java.lang.Object, java.lang.Object, java.lang.Object)'> (0x0000
Event: 4.100 Thread 0x00000174c2d1f000 Exception <a 'java/lang/NoSuchMethodError'{0x00000000889fefd8}: 'java.lang.Object java.lang.invoke.DirectMethodHandle$Holder.invokeSpecial(java.lang.Object, java.lang.Object, java.lang.Object, java.lang.Object, java.lang.Object, java.lang.Object, java.lang.Object, java.lang.Object, java.lang.Object, java.lang.Object, java.lang.Object, java.lang.Object, java.lang.Object, java.lang.Object, java.lang.Object, java.lang.Object, java.lang.Object, java.lang.Object, java.lang.Object, java.lang.Object, java.lang.Ob
Event: 4.100 Thread 0x00000174c2d1f000 Exception <a 'java/lang/NoSuchMethodError'{0x00000000888044a8}: 'java.lang.Object java.lang.invoke.DelegatingMethodHandle$Holder.reinvoke_L(java.lang.Object, java.lang.Object, java.lang.Object, java.lang.Object, java.lang.Object, java.lang.Object, java.lang.Object, java.lang.Object, java.lang.Object, java.lang.Object, java.lang.Object, java.lang.Object, java.lang.Object, java.lang.Object, java.lang.Object, java.lang.Object, java.lang.Object, java.lang.Object, java.lang.Object, java.lang.Object)'> (0x000000
Event: 4.133 Thread 0x00000174c2d1f000 Exception <a 'java/lang/NoSuchMethodError'{0x00000000887bafa0}: 'java.lang.Object java.lang.invoke.DirectMethodHandle$Holder.newInvokeSpecial(java.lang.Object, java.lang.Object, java.lang.Object, java.lang.Object, java.lang.Object, java.lang.Object, java.lang.Object, java.lang.Object, java.lang.Object, java.lang.Object, java.lang.Object, java.lang.Object, java.lang.Object, java.lang.Object, java.lang.Object, java.lang.Object)'> (0x00000000887bafa0) 
thrown [s\src\hotspot\share\interpreter\linkResolver.cpp,
Event: 4.133 Thread 0x00000174c2d1f000 Exception <a 'java/lang/NoSuchMethodError'{0x00000000887c07e0}: 'java.lang.Object java.lang.invoke.DirectMethodHandle$Holder.invokeSpecial(java.lang.Object, java.lang.Object, java.lang.Object, java.lang.Object, java.lang.Object, java.lang.Object, java.lang.Object, java.lang.Object, java.lang.Object, java.lang.Object, java.lang.Object, java.lang.Object, java.lang.Object, java.lang.Object, java.lang.Object, java.lang.Object, java.lang.Object)'> (0x00000000887c07e0) 
thrown [s\src\hotspot\share\interpreter\li
Event: 4.133 Thread 0x00000174c2d1f000 Exception <a 'java/lang/NoSuchMethodError'{0x00000000887c5170}: 'java.lang.Object java.lang.invoke.DelegatingMethodHandle$Holder.reinvoke_L(java.lang.Object, java.lang.Object, java.lang.Object, java.lang.Object, java.lang.Object, java.lang.Object, java.lang.Object, java.lang.Object, java.lang.Object, java.lang.Object, java.lang.Object, java.lang.Object, java.lang.Object, java.lang.Object, java.lang.Object, java.lang.Object)'> (0x00000000887c5170) 
thrown [s\src\hotspot\share\interpreter\linkResolver.cpp, l
Event: 4.139 Thread 0x00000174c2d1f000 Exception <a 'java/lang/NoSuchMethodError'{0x000000008864d610}: 'java.lang.Object java.lang.invoke.DirectMethodHandle$Holder.newInvokeSpecial(java.lang.Object, java.lang.Object, java.lang.Object, java.lang.Object, java.lang.Object, java.lang.Object, java.lang.Object, java.lang.Object, java.lang.Object, java.lang.Object, java.lang.Object, java.lang.Object, java.lang.Object, java.lang.Object, java.lang.Object, java.lang.Object, java.lang.Object, java.lang.Object)'> (0x000000008864d610) 
thrown [s\src\hotspot
Event: 4.139 Thread 0x00000174c2d1f000 Exception <a 'java/lang/NoSuchMethodError'{0x0000000088653240}: 'java.lang.Object java.lang.invoke.DirectMethodHandle$Holder.invokeSpecial(java.lang.Object, java.lang.Object, java.lang.Object, java.lang.Object, java.lang.Object, java.lang.Object, java.lang.Object, java.lang.Object, java.lang.Object, java.lang.Object, java.lang.Object, java.lang.Object, java.lang.Object, java.lang.Object, java.lang.Object, java.lang.Object, java.lang.Object, java.lang.Object, java.lang.Object)'> (0x0000000088653240) 
thrown
Event: 4.139 Thread 0x00000174c2d1f000 Exception <a 'java/lang/NoSuchMethodError'{0x0000000088657eb8}: 'java.lang.Object java.lang.invoke.DelegatingMethodHandle$Holder.reinvoke_L(java.lang.Object, java.lang.Object, java.lang.Object, java.lang.Object, java.lang.Object, java.lang.Object, java.lang.Object, java.lang.Object, java.lang.Object, java.lang.Object, java.lang.Object, java.lang.Object, java.lang.Object, java.lang.Object, java.lang.Object, java.lang.Object, java.lang.Object, java.lang.Object)'> (0x0000000088657eb8) 
thrown [s\src\hotspot\s
Event: 4.151 Thread 0x00000174c2d1f000 Exception <a 'java/lang/NoSuchMethodError'{0x00000000886df408}: 'java.lang.Object java.lang.invoke.DirectMethodHandle$Holder.newInvokeSpecial(java.lang.Object, java.lang.Object, java.lang.Object, java.lang.Object, java.lang.Object, java.lang.Object, java.lang.Object, java.lang.Object, java.lang.Object, java.lang.Object, java.lang.Object, java.lang.Object, java.lang.Object, java.lang.Object, java.lang.Object, java.lang.Object, java.lang.Object, java.lang.Object, java.lang.Object, java.lang.Object, java.lang
Event: 4.151 Thread 0x00000174c2d1f000 Exception <a 'java/lang/NoSuchMethodError'{0x00000000886e62c0}: 'java.lang.Object java.lang.invoke.DirectMethodHandle$Holder.invokeSpecial(java.lang.Object, java.lang.Object, java.lang.Object, java.lang.Object, java.lang.Object, java.lang.Object, java.lang.Object, java.lang.Object, java.lang.Object, java.lang.Object, java.lang.Object, java.lang.Object, java.lang.Object, java.lang.Object, java.lang.Object, java.lang.Object, java.lang.Object, java.lang.Object, java.lang.Object, java.lang.Object, java.lang.Ob
Event: 4.151 Thread 0x00000174c2d1f000 Exception <a 'java/lang/NoSuchMethodError'{0x00000000886eba38}: 'java.lang.Object java.lang.invoke.DelegatingMethodHandle$Holder.reinvoke_L(java.lang.Object, java.lang.Object, java.lang.Object, java.lang.Object, java.lang.Object, java.lang.Object, java.lang.Object, java.lang.Object, java.lang.Object, java.lang.Object, java.lang.Object, java.lang.Object, java.lang.Object, java.lang.Object, java.lang.Object, java.lang.Object, java.lang.Object, java.lang.Object, java.lang.Object, java.lang.Object, java.lang.O
Event: 4.156 Thread 0x00000174c2d1f000 Exception <a 'java/lang/NoSuchMethodError'{0x00000000885b9a30}: 'java.lang.Object java.lang.invoke.DirectMethodHandle$Holder.invokeStatic(java.lang.Object, java.lang.Object, java.lang.Object, java.lang.Object, java.lang.Object, java.lang.Object, java.lang.Object, java.lang.Object, java.lang.Object, java.lang.Object, java.lang.Object, java.lang.Object, java.lang.Object, java.lang.Object, java.lang.Object, java.lang.Object, java.lang.Object, java.lang.Object, java.lang.Object, java.lang.Object, java.lang.Obj
Event: 4.157 Thread 0x00000174c2d1f000 Exception <a 'java/lang/NoSuchMethodError'{0x00000000885ec040}: 'java.lang.Object java.lang.invoke.DirectMethodHandle$Holder.invokeStatic(java.lang.Object, java.lang.Object, java.lang.Object, java.lang.Object, java.lang.Object, java.lang.Object, java.lang.Object, java.lang.Object, java.lang.Object, java.lang.Object, java.lang.Object, java.lang.Object, java.lang.Object, java.lang.Object, java.lang.Object, java.lang.Object, java.lang.Object, java.lang.Object, java.lang.Object, java.lang.Object, java.lang.Obj
Event: 4.165 Thread 0x00000174c2d1f000 Exception <a 'java/lang/NoSuchMethodError'{0x000000008845d380}: 'java.lang.Object java.lang.invoke.DirectMethodHandle$Holder.newInvokeSpecial(java.lang.Object, java.lang.Object, java.lang.Object, java.lang.Object, java.lang.Object, java.lang.Object, java.lang.Object, java.lang.Object, java.lang.Object, java.lang.Object, java.lang.Object, java.lang.Object, java.lang.Object)'> (0x000000008845d380) 
thrown [s\src\hotspot\share\interpreter\linkResolver.cpp, line 784]
Event: 4.165 Thread 0x00000174c2d1f000 Exception <a 'java/lang/NoSuchMethodError'{0x0000000088462390}: 'java.lang.Object java.lang.invoke.DirectMethodHandle$Holder.invokeSpecial(java.lang.Object, java.lang.Object, java.lang.Object, java.lang.Object, java.lang.Object, java.lang.Object, java.lang.Object, java.lang.Object, java.lang.Object, java.lang.Object, java.lang.Object, java.lang.Object, java.lang.Object, java.lang.Object)'> (0x0000000088462390) 
thrown [s\src\hotspot\share\interpreter\linkResolver.cpp, line 784]
Event: 4.165 Thread 0x00000174c2d1f000 Exception <a 'java/lang/NoSuchMethodError'{0x00000000884668e0}: 'java.lang.Object java.lang.invoke.DelegatingMethodHandle$Holder.reinvoke_L(java.lang.Object, java.lang.Object, java.lang.Object, java.lang.Object, java.lang.Object, java.lang.Object, java.lang.Object, java.lang.Object, java.lang.Object, java.lang.Object, java.lang.Object, java.lang.Object, java.lang.Object)'> (0x00000000884668e0) 
thrown [s\src\hotspot\share\interpreter\linkResolver.cpp, line 784]

ZGC Phase Switch (0 events):
No events

VM Operations (20 events):
Event: 2.766 Executing VM operation: G1CollectForAllocation (G1 Evacuation Pause)
Event: 2.777 Executing VM operation: G1CollectForAllocation (G1 Evacuation Pause) done
Event: 3.042 Executing VM operation: HandshakeAllThreads (Deoptimize)
Event: 3.042 Executing VM operation: HandshakeAllThreads (Deoptimize) done
Event: 3.042 Executing VM operation: HandshakeAllThreads (Deoptimize)
Event: 3.042 Executing VM operation: HandshakeAllThreads (Deoptimize) done
Event: 3.042 Executing VM operation: HandshakeAllThreads (Deoptimize)
Event: 3.042 Executing VM operation: HandshakeAllThreads (Deoptimize) done
Event: 3.200 Executing VM operation: G1CollectForAllocation (G1 Evacuation Pause)
Event: 3.217 Executing VM operation: G1CollectForAllocation (G1 Evacuation Pause) done
Event: 3.462 Executing VM operation: CollectForMetadataAllocation (Metadata GC Threshold)
Event: 3.470 Executing VM operation: CollectForMetadataAllocation (Metadata GC Threshold) done
Event: 3.484 Executing VM operation: G1PauseRemark
Event: 3.489 Executing VM operation: G1PauseRemark done
Event: 3.494 Executing VM operation: G1PauseCleanup
Event: 3.494 Executing VM operation: G1PauseCleanup done
Event: 3.746 Executing VM operation: HandshakeAllThreads (Deoptimize)
Event: 3.746 Executing VM operation: HandshakeAllThreads (Deoptimize) done
Event: 3.940 Executing VM operation: G1CollectForAllocation (G1 Evacuation Pause)
Event: 3.950 Executing VM operation: G1CollectForAllocation (G1 Evacuation Pause) done

Memory protections (0 events):
No events

Nmethod flushes (20 events):
Event: 3.488 Thread 0x00000174dbc7e6f0 flushing  nmethod 0x00000174c8248c90
Event: 3.488 Thread 0x00000174dbc7e6f0 flushing  nmethod 0x00000174c8284090
Event: 3.488 Thread 0x00000174dbc7e6f0 flushing  nmethod 0x00000174c8288510
Event: 3.488 Thread 0x00000174dbc7e6f0 flushing  nmethod 0x00000174c828a410
Event: 3.488 Thread 0x00000174dbc7e6f0 flushing  nmethod 0x00000174c828b010
Event: 3.488 Thread 0x00000174dbc7e6f0 flushing  nmethod 0x00000174c82a9e10
Event: 3.488 Thread 0x00000174dbc7e6f0 flushing  nmethod 0x00000174c82edb10
Event: 3.488 Thread 0x00000174dbc7e6f0 flushing  nmethod 0x00000174c8302d10
Event: 3.488 Thread 0x00000174dbc7e6f0 flushing  nmethod 0x00000174c8318690
Event: 3.488 Thread 0x00000174dbc7e6f0 flushing  nmethod 0x00000174c8392d10
Event: 3.488 Thread 0x00000174dbc7e6f0 flushing  nmethod 0x00000174c83b8b90
Event: 3.488 Thread 0x00000174dbc7e6f0 flushing  nmethod 0x00000174c83f5290
Event: 3.488 Thread 0x00000174dbc7e6f0 flushing  nmethod 0x00000174c8400c90
Event: 3.488 Thread 0x00000174dbc7e6f0 flushing  nmethod 0x00000174c8402410
Event: 3.488 Thread 0x00000174dbc7e6f0 flushing  nmethod 0x00000174c8404a90
Event: 3.488 Thread 0x00000174dbc7e6f0 flushing  nmethod 0x00000174c8405290
Event: 3.488 Thread 0x00000174dbc7e6f0 flushing  nmethod 0x00000174c840fd10
Event: 3.488 Thread 0x00000174dbc7e6f0 flushing  nmethod 0x00000174c8410c90
Event: 3.488 Thread 0x00000174dbc7e6f0 flushing  nmethod 0x00000174c8411410
Event: 3.488 Thread 0x00000174dbc7e6f0 flushing  nmethod 0x00000174c8429410

Events (20 events):
Event: 0.022 Thread 0x00000174c2d1f000 Thread added: 0x00000174c2d1f000
Event: 0.074 Thread 0x00000174c2d1f000 Thread added: 0x00000174e0090110
Event: 0.075 Thread 0x00000174c2d1f000 Thread added: 0x00000174e0090c50
Event: 0.076 Thread 0x00000174c2d1f000 Thread added: 0x00000174e0077970
Event: 0.076 Thread 0x00000174c2d1f000 Thread added: 0x00000174e0079240
Event: 0.076 Thread 0x00000174c2d1f000 Thread added: 0x00000174e007bc10
Event: 0.076 Thread 0x00000174c2d1f000 Thread added: 0x00000174e00970d0
Event: 0.076 Thread 0x00000174c2d1f000 Thread added: 0x00000174e007d500
Event: 0.076 Thread 0x00000174c2d1f000 Thread added: 0x00000174e009a520
Event: 0.117 Thread 0x00000174c2d1f000 Thread added: 0x00000174e0247f70
Event: 0.155 Thread 0x00000174c2d1f000 Thread added: 0x00000174e0253670
Event: 0.172 Loaded shared library C:\Program Files\Android\Android Studio\jbr\bin\net.dll
Event: 0.177 Loaded shared library C:\Program Files\Android\Android Studio\jbr\bin\nio.dll
Event: 0.224 Loaded shared library C:\Program Files\Android\Android Studio\jbr\bin\zip.dll
Event: 0.253 Loaded shared library C:\Program Files\Android\Android Studio\jbr\bin\jimage.dll
Event: 0.378 Thread 0x00000174e009a520 Thread added: 0x00000174e04bab30
Event: 1.425 Thread 0x00000174e04bab30 Thread exited: 0x00000174e04bab30
Event: 2.400 Thread 0x00000174e009a520 Thread added: 0x00000174e167c6c0
Event: 3.188 Thread 0x00000174e167c6c0 Thread exited: 0x00000174e167c6c0
Event: 4.014 Thread 0x00000174e009a520 Thread added: 0x00000174e2b3d2f0


Dynamic libraries:
0x00007ff74d510000 - 0x00007ff74d51a000 	C:\Program Files\Android\Android Studio\jbr\bin\java.exe
0x00007ffe00f00000 - 0x00007ffe01163000 	C:\WINDOWS\SYSTEM32\ntdll.dll
0x00007ffe005a0000 - 0x00007ffe00667000 	C:\WINDOWS\System32\KERNEL32.DLL
0x00007ffdfe740000 - 0x00007ffdfeb09000 	C:\WINDOWS\System32\KERNELBASE.dll
0x00007ffdfebd0000 - 0x00007ffdfed1c000 	C:\WINDOWS\System32\ucrtbase.dll
0x00007ffdd9ef0000 - 0x00007ffdd9f08000 	C:\Program Files\Android\Android Studio\jbr\bin\jli.dll
0x00007ffdfed20000 - 0x00007ffdfeeea000 	C:\WINDOWS\System32\USER32.dll
0x00007ffdfe1a0000 - 0x00007ffdfe1c7000 	C:\WINDOWS\System32\win32u.dll
0x00007ffdffbc0000 - 0x00007ffdffbea000 	C:\WINDOWS\System32\GDI32.dll
0x00007ffdd8ec0000 - 0x00007ffdd8edb000 	C:\Program Files\Android\Android Studio\jbr\bin\VCRUNTIME140.dll
0x00007ffdfe480000 - 0x00007ffdfe5b1000 	C:\WINDOWS\System32\gdi32full.dll
0x00007ffdfe3d0000 - 0x00007ffdfe473000 	C:\WINDOWS\System32\msvcp_win.dll
0x00007ffde4120000 - 0x00007ffde43b0000 	C:\WINDOWS\WinSxS\amd64_microsoft.windows.common-controls_6595b64144ccf1df_6.0.26100.3323_none_3e088096e3344490\COMCTL32.dll
0x00007ffe00ae0000 - 0x00007ffe00b89000 	C:\WINDOWS\System32\msvcrt.dll
0x00007ffdffbf0000 - 0x00007ffdffc1f000 	C:\WINDOWS\System32\IMM32.DLL
0x0000000067d30000 - 0x0000000067d3c000 	C:\Program Files (x86)\360\Total Security\safemon\SafeWrapper.dll
0x00007ffdff5a0000 - 0x00007ffdff652000 	C:\WINDOWS\System32\ADVAPI32.dll
0x00007ffe00a30000 - 0x00007ffe00ad6000 	C:\WINDOWS\System32\sechost.dll
0x00007ffe003d0000 - 0x00007ffe004e6000 	C:\WINDOWS\System32\RPCRT4.dll
0x00007ffda8c00000 - 0x00007ffda8cac000 	C:\Program Files (x86)\360\Total Security\safemon\libzdtp64.dll
0x00007ffdffc30000 - 0x00007ffe00345000 	C:\WINDOWS\System32\SHELL32.dll
0x00007ffdfe1d0000 - 0x00007ffdfe338000 	C:\WINDOWS\System32\wintypes.dll
0x00007ffdfeef0000 - 0x00007ffdff272000 	C:\WINDOWS\System32\combase.dll
0x00007ffe00e60000 - 0x00007ffe00ebd000 	C:\WINDOWS\System32\SHLWAPI.dll
0x00007ffdeac40000 - 0x00007ffdeac4b000 	C:\WINDOWS\SYSTEM32\VERSION.dll
0x00007ffdd8ee0000 - 0x00007ffdd8eec000 	C:\Program Files\Android\Android Studio\jbr\bin\vcruntime140_1.dll
0x00007ffdc62e0000 - 0x00007ffdc636d000 	C:\Program Files\Android\Android Studio\jbr\bin\msvcp140.dll
0x00007ffd8a170000 - 0x00007ffd8adfb000 	C:\Program Files\Android\Android Studio\jbr\bin\server\jvm.dll
0x00007ffe00350000 - 0x00007ffe003c4000 	C:\WINDOWS\System32\WS2_32.dll
0x00007ffdfdf90000 - 0x00007ffdfdfde000 	C:\WINDOWS\SYSTEM32\POWRPROF.dll
0x00007ffdf34c0000 - 0x00007ffdf34f6000 	C:\WINDOWS\SYSTEM32\WINMM.dll
0x00007ffdfdf70000 - 0x00007ffdfdf84000 	C:\WINDOWS\SYSTEM32\UMPDC.dll
0x00007ffdfcf20000 - 0x00007ffdfcf3a000 	C:\WINDOWS\SYSTEM32\kernel.appcore.dll
0x00007ffdd8eb0000 - 0x00007ffdd8eba000 	C:\Program Files\Android\Android Studio\jbr\bin\jimage.dll
0x00007ffdfb150000 - 0x00007ffdfb391000 	C:\WINDOWS\SYSTEM32\DBGHELP.DLL
0x00007ffdff280000 - 0x00007ffdff356000 	C:\WINDOWS\System32\OLEAUT32.dll
0x00007ffddf540000 - 0x00007ffddf579000 	C:\WINDOWS\SYSTEM32\dbgcore.DLL
0x00007ffdfe100000 - 0x00007ffdfe199000 	C:\WINDOWS\System32\bcryptPrimitives.dll
0x00007ffdd8e90000 - 0x00007ffdd8eb0000 	C:\Program Files\Android\Android Studio\jbr\bin\java.dll
0x00007ffdd7700000 - 0x00007ffdd7718000 	C:\Program Files\Android\Android Studio\jbr\bin\zip.dll
0x00007ffdfbe00000 - 0x00007ffdfc645000 	C:\WINDOWS\SYSTEM32\windows.storage.dll
0x00007ffe00d70000 - 0x00007ffe00e5b000 	C:\WINDOWS\System32\SHCORE.dll
0x00007ffdfe010000 - 0x00007ffdfe03f000 	C:\WINDOWS\SYSTEM32\profapi.dll
0x00007ffdd76f0000 - 0x00007ffdd7700000 	C:\Program Files\Android\Android Studio\jbr\bin\net.dll
0x00007ffdeda30000 - 0x00007ffdedb4e000 	C:\WINDOWS\SYSTEM32\WINHTTP.dll
0x00007ffdfd440000 - 0x00007ffdfd4aa000 	C:\WINDOWS\system32\mswsock.dll
0x00007ffdd76d0000 - 0x00007ffdd76e6000 	C:\Program Files\Android\Android Studio\jbr\bin\nio.dll
0x00007ffdca750000 - 0x00007ffdca760000 	C:\Program Files\Android\Android Studio\jbr\bin\verify.dll

dbghelp: loaded successfully - version: 4.0.5 - missing functions: none
symbol engine: initialized successfully - sym options: 0x614 - pdb path: .;C:\Program Files\Android\Android Studio\jbr\bin;C:\WINDOWS\SYSTEM32;C:\WINDOWS\WinSxS\amd64_microsoft.windows.common-controls_6595b64144ccf1df_6.0.26100.3323_none_3e088096e3344490;C:\Program Files (x86)\360\Total Security\safemon;C:\Program Files\Android\Android Studio\jbr\bin\server

VM Arguments:
java_command: org.jetbrains.kotlin.cli.jvm.K2JVMCompiler @C:\Users\Yohannes\Desktop\Campus_Overflow\app\build\20250508_632019348152514170.compiler.options
java_class_path (initial): C:\Users\Yohannes\.gradle\caches\modules-2\files-2.1\org.jetbrains.kotlin\kotlin-compiler-embeddable\1.9.0\2c8c3a7402becca891f12739b3e9fd2dc2adbd7a\kotlin-compiler-embeddable-1.9.0.jar;C:\Users\Yohannes\.gradle\caches\modules-2\files-2.1\org.jetbrains.kotlin\kotlin-stdlib\1.9.0\8ee15ef0c67dc83d874f412d84378d7f0eb50b63\kotlin-stdlib-1.9.0.jar;C:\Users\Yohannes\.gradle\caches\modules-2\files-2.1\org.jetbrains.kotlin\kotlin-script-runtime\1.9.0\4b3102cbbb7e1b58d9d1adf89563f00069ffa7d1\kotlin-script-runtime-1.9.0.jar;C:\Users\Yohannes\.gradle\caches\modules-2\files-2.1\org.jetbrains.kotlin\kotlin-reflect\1.6.10\1cbe9c92c12a94eea200d23c2bbaedaf3daf5132\kotlin-reflect-1.6.10.jar;C:\Users\Yohannes\.gradle\caches\modules-2\files-2.1\org.jetbrains.kotlin\kotlin-daemon-embeddable\1.9.0\186543f5e28cf8d9a0290fecc2cf34301c40a65c\kotlin-daemon-embeddable-1.9.0.jar;C:\Users\Yohannes\.gradle\caches\modules-2\files-2.1\org.jetbrains.intellij.deps\trove4j\1.0.20200330\3afb14d5f9ceb459d724e907a21145e8ff394f02\trove4j-1.0.20200330.jar;C:\Users\Yohannes\.gradle\caches\modules-2\files-2.1\org.jetbrains.kotlin\kotlin-stdlib-common\1.9.0\cd65c21cfd1eec4d44ef09f9f52b6d9f8a720636\kotlin-stdlib-common-1.9.0.jar;C:\Users\Yohannes\.gradle\caches\modules-2\files-2.1\org.jetbrains\annotations\13.0\919f0dfe192fb4e063e7dacadee7f8bb9a2672a9\annotations-13.0.jar
Launcher Type: SUN_STANDARD

[Global flags]
     intx CICompilerCount                          = 3                                         {product} {ergonomic}
     uint ConcGCThreads                            = 1                                         {product} {ergonomic}
     uint G1ConcRefinementThreads                  = 4                                         {product} {ergonomic}
   size_t G1HeapRegionSize                         = 1048576                                   {product} {ergonomic}
    uintx GCDrainStackTargetSize                   = 64                                        {product} {ergonomic}
   size_t InitialHeapSize                          = 130023424                                 {product} {ergonomic}
   size_t MarkStackSize                            = 4194304                                   {product} {ergonomic}
   size_t MaxHeapSize                              = 2055208960                                {product} {ergonomic}
   size_t MaxNewSize                               = 1233125376                                {product} {ergonomic}
   size_t MinHeapDeltaBytes                        = 1048576                                   {product} {ergonomic}
   size_t MinHeapSize                              = 8388608                                   {product} {ergonomic}
    uintx NonNMethodCodeHeapSize                   = 5832780                                {pd product} {ergonomic}
    uintx NonProfiledCodeHeapSize                  = 122912730                              {pd product} {ergonomic}
    uintx ProfiledCodeHeapSize                     = 122912730                              {pd product} {ergonomic}
    uintx ReservedCodeCacheSize                    = 251658240                              {pd product} {ergonomic}
     bool SegmentedCodeCache                       = true                                      {product} {ergonomic}
   size_t SoftMaxHeapSize                          = 2055208960                             {manageable} {ergonomic}
     bool UseCompressedOops                        = true                           {product lp64_product} {ergonomic}
     bool UseG1GC                                  = true                                      {product} {ergonomic}
     bool UseLargePagesIndividualAllocation        = false                                  {pd product} {ergonomic}

Logging:
Log output configuration:
 #0: stdout all=warning uptime,level,tags foldmultilines=false
 #1: stderr all=off uptime,level,tags foldmultilines=false

Environment Variables:
PATH=c:\Users\Yohannes\AppData\Local\Programs\cursor\resources\app\bin;C:\Program Files\Common Files\Oracle\Java\javapath;C:\WINDOWS\system32;C:\WINDOWS;C:\WINDOWS\System32\Wbem;C:\WINDOWS\System32\WindowsPowerShell\v1.0\;C:\WINDOWS\System32\OpenSSH\;C:\Program Files (x86)\dotnet\;C:\Program Files\Java\jdk-21;C:\Program Files\HP\HP One Agent;C:\Program Files\MySQL\MySQL Server 8.0\bin;C:\WINDOWS\system32;C:\WINDOWS;C:\WINDOWS\System32\Wbem;C:\WINDOWS\System32\WindowsPowerShell\v1.0\;C:\WINDOWS\System32\OpenSSH\;C:\Users\Yohannes\AppData\Local\nvm;C:\nvm4w\nodejs;C:\Program Files\nodejs\;C:\Users\Yohannes\AppData\Roaming\npm\node_modules;C:\Users\Yohannes\AppData\Roaming\npm;C:\Program Files\Git\cmd;C:\FlutterDev\flutter\bin;C:\Users\Yohannes\AppData\Local\Programs\Python\Python313\Scripts\;C:\Users\Yohannes\AppData\Local\Programs\Python\Python313\;C:\Program Files\Common Files\Oracle\Java\javapath;C:\WINDOWS\system32;C:\WINDOWS;C:\WINDOWS\System32\Wbem;C:\WINDOWS\System32\WindowsPowerShell\v1.0\;C:\WINDOWS\System3;c:\Users\Yohannes\AppData\Local\Programs\cursor\resources\app\bin;C:\Users\Yohannes\AppData\Local\Programs\Python\Python313\Scripts\;C:\Users\Yohannes\AppData\Local\Programs\Python\Python313\;c:\Users\Yohannes\AppData\Local\Programs\cursor\resources\app\bin;C:\Program Files\Common Files\Oracle\Java\javapath;C:\WINDOWS\system32;C:\WINDOWS;C:\WINDOWS\System32\Wbem;C:\WINDOWS\System32\WindowsPowerShell\v1.0\;C:\WINDOWS\System32\OpenSSH\;C:\Program Files (x86)\dotnet\;C:\Program Files\Java\jdk-21;C:\Program Files\HP\HP One Agent;C:\Program Files\MySQL\MySQL Server 8.0\bin;C:\WINDOWS\system32;C:\WINDOWS;C:\WINDOWS\System32\Wbem;C:\WINDOWS\System32\WindowsPowerShell\v1.0\;C:\WINDOWS\System32\OpenSSH\;C:\Users\Yohannes\AppData\Local\nvm;C:\nvm4w\nodejs;C:\Program Files\nodejs\;C:\Users\Yohannes\AppData\Roaming\npm\node_modules;C:\Users\Yohannes\AppData\Roaming\npm;C:\Program Files\Git\cmd;C:\FlutterDev\flutter\bin;C:\Users\Yohannes\AppData\Local\Programs\Python\Python313\Scripts\;C:\Users\Yohannes\AppData\Local\Programs\Python\Python313\;C:\Program Files\Common Files\Oracle\Java\javapath;C:\WINDOWS\system32;C:\WINDOWS;C:\WINDOWS\System32\Wbem;C:\WINDOWS\System32\WindowsPowerShell\v1.0\;C:\WINDOWS\System3;c:\Users\Yohannes\AppData\Local\Programs\cursor\resources\app\bin;C:\Users\Yohannes\AppData\Roaming\npm;C:\Users\Yohannes\AppData\Local\Programs\Microsoft VS Code\bin;C:\Users\Yohannes\AppData\Local\Programs\Python\Python313\python.exe;C:\Users\Yohannes\AppData\Local\Programs\cursor\resources\app\bin
USERNAME=Yohannes
OS=Windows_NT
PROCESSOR_IDENTIFIER=Intel64 Family 6 Model 140 Stepping 1, GenuineIntel
TMP=C:\Users\Yohannes\AppData\Local\Temp
TEMP=C:\Users\Yohannes\AppData\Local\Temp




Periodic native trim disabled

JNI global refs:
JNI global refs: 7, weak refs: 0

JNI global refs memory usage: 835, weak refs: 833

Process memory usage:
Resident Set Size: 196880K (2% of 8022668K total physical memory with 759092K free physical memory)

OOME stack traces (most recent first):
Classloader memory used:
